This is pdfTeX, Version 3.14159265-2.6-1.40.18 (TeX Live 2017) (preloaded format=pdflatex 2017.5.23)  28 MAY 2020 21:48
entering extended mode
 restricted \write18 enabled.
 %&-line parsing enabled.
**block.cpython-37.pyc
(./block.cpython-37.pyc
LaTeX2e <2017-04-15>
Babel <3.10> and hyphenation patterns for 84 language(s) loaded.

! LaTeX Error: Missing \begin{document}.

See the LaTeX manual or LaTeX Companion for explanation.
Type  H <return>  for immediate help.
 ...                                              
                                                  
l.1 B
     
You're in trouble here.  Try typing  <return>  to proceed.
If that doesn't work, type  X <return>  to quit.

Missing character: There is no B in font nullfont!

Overfull \hbox (20.0pt too wide) in paragraph at lines 1--2
[] 
 []

! Text line contains an invalid character.
l.3 ^^@
       ^^@^^@^^@á5Ð^y^^F^^@^^@ã^^@^^@^^@^^@^^@^^@^^@^^@^^@^^@^^@^^@^^C^^@^^@...
A funny symbol that I can't read has just been input.
Continue, and I'll forget that it ever happened.

! Text line contains an invalid character.
l.3 ^^@^^@
          ^^@^^@á5Ð^y^^F^^@^^@ã^^@^^@^^@^^@^^@^^@^^@^^@^^@^^@^^@^^@^^C^^@^^@...
A funny symbol that I can't read has just been input.
Continue, and I'll forget that it ever happened.

! Text line contains an invalid character.
l.3 ^^@^^@^^@
             ^^@á5Ð^y^^F^^@^^@ã^^@^^@^^@^^@^^@^^@^^@^^@^^@^^@^^@^^@^^C^^@^^@...
A funny symbol that I can't read has just been input.
Continue, and I'll forget that it ever happened.

! Text line contains an invalid character.
l.3 ^^@^^@^^@^^@
                á5Ð^y^^F^^@^^@ã^^@^^@^^@^^@^^@^^@^^@^^@^^@^^@^^@^^@^^C^^@^^@...
A funny symbol that I can't read has just been input.
Continue, and I'll forget that it ever happened.


! LaTeX Error: Missing \begin{document}.

See the LaTeX manual or LaTeX Companion for explanation.
Type  H <return>  for immediate help.
 ...                                              
                                                  
l.3 ^^@^^@^^@^^@á
                 5Ð^y^^F^^@^^@ã^^@^^@^^@^^@^^@^^@^^@^^@^^@^^@^^@^^@^^C^^@^^@...

You're in trouble here.  Try typing  <return>  to proceed.
If that doesn't work, type  X <return>  to quit.

Missing character: There is no á in font nullfont!
Missing character: There is no 5 in font nullfont!
Missing character: There is no Ð in font nullfont!
! Missing $ inserted.
<inserted text> 
                $
l.3 ^^@^^@^^@^^@á5Ð^
                    y^^F^^@^^@ã^^@^^@^^@^^@^^@^^@^^@^^@^^@^^@^^@^^@^^C^^@^^@...
I've inserted a begin-math/end-math symbol since I think
you left one out. Proceed, with fingers crossed.

LaTeX Font Info:    External font `cmex10' loaded for size
(Font)              <7> on input line 3.
LaTeX Font Info:    External font `cmex10' loaded for size
(Font)              <5> on input line 3.
! Text line contains an invalid character.
l.3 ^^@^^@^^@^^@á5Ð^y^^F
                        ^^@^^@ã^^@^^@^^@^^@^^@^^@^^@^^@^^@^^@^^@^^@^^C^^@^^@...
A funny symbol that I can't read has just been input.
Continue, and I'll forget that it ever happened.

! Text line contains an invalid character.
l.3 ^^@^^@^^@^^@á5Ð^y^^F^^@
                           ^^@ã^^@^^@^^@^^@^^@^^@^^@^^@^^@^^@^^@^^@^^C^^@^^@...
A funny symbol that I can't read has just been input.
Continue, and I'll forget that it ever happened.

! Text line contains an invalid character.
l.3 ^^@^^@^^@^^@á5Ð^y^^F^^@^^@
                              ã^^@^^@^^@^^@^^@^^@^^@^^@^^@^^@^^@^^@^^C^^@^^@...
A funny symbol that I can't read has just been input.
Continue, and I'll forget that it ever happened.

! Text line contains an invalid character.
l.3 ^^@^^@^^@^^@á5Ð^y^^F^^@^^@ã^^@
                                  ^^@^^@^^@^^@^^@^^@^^@^^@^^@^^@^^@^^C^^@^^@...
A funny symbol that I can't read has just been input.
Continue, and I'll forget that it ever happened.

! Text line contains an invalid character.
l.3 ^^@^^@^^@^^@á5Ð^y^^F^^@^^@ã^^@^^@
                                     ^^@^^@^^@^^@^^@^^@^^@^^@^^@^^@^^C^^@^^@...
A funny symbol that I can't read has just been input.
Continue, and I'll forget that it ever happened.

! Text line contains an invalid character.
l.3 ^^@^^@^^@^^@á5Ð^y^^F^^@^^@ã^^@^^@^^@
                                        ^^@^^@^^@^^@^^@^^@^^@^^@^^@^^C^^@^^@...
A funny symbol that I can't read has just been input.
Continue, and I'll forget that it ever happened.

! Text line contains an invalid character.
l.3 ^^@^^@^^@^^@á5Ð^y^^F^^@^^@ã^^@^^@^^@^^@
                                           ^^@^^@^^@^^@^^@^^@^^@^^@^^C^^@^^@...
A funny symbol that I can't read has just been input.
Continue, and I'll forget that it ever happened.

! Text line contains an invalid character.
l.3 ^^@^^@^^@^^@á5Ð^y^^F^^@^^@ã^^@^^@^^@^^@^^@
                                              ^^@^^@^^@^^@^^@^^@^^@^^C^^@^^@...
A funny symbol that I can't read has just been input.
Continue, and I'll forget that it ever happened.

! Text line contains an invalid character.
l.3 ^^@^^@^^@^^@á5Ð^y^^F^^@^^@ã^^@^^@^^@^^@^^@^^@
                                                 ^^@^^@^^@^^@^^@^^@^^C^^@^^@...
A funny symbol that I can't read has just been input.
Continue, and I'll forget that it ever happened.

! Text line contains an invalid character.
l.3 ...@^^@^^@á5Ð^y^^F^^@^^@ã^^@^^@^^@^^@^^@^^@^^@
                                                  ^^@^^@^^@^^@^^@^^C^^@^^@^^...
A funny symbol that I can't read has just been input.
Continue, and I'll forget that it ever happened.

! Text line contains an invalid character.
l.3 ...@^^@á5Ð^y^^F^^@^^@ã^^@^^@^^@^^@^^@^^@^^@^^@
                                                  ^^@^^@^^@^^@^^C^^@^^@^^@@^...
A funny symbol that I can't read has just been input.
Continue, and I'll forget that it ever happened.

! Text line contains an invalid character.
l.3 ...@á5Ð^y^^F^^@^^@ã^^@^^@^^@^^@^^@^^@^^@^^@^^@
                                                  ^^@^^@^^@^^C^^@^^@^^@@^^@^...
A funny symbol that I can't read has just been input.
Continue, and I'll forget that it ever happened.

! Text line contains an invalid character.
l.3 ...Ð^y^^F^^@^^@ã^^@^^@^^@^^@^^@^^@^^@^^@^^@^^@
                                                  ^^@^^@^^C^^@^^@^^@@^^@^^@^...
A funny symbol that I can't read has just been input.
Continue, and I'll forget that it ever happened.

! Text line contains an invalid character.
l.3 ...^^F^^@^^@ã^^@^^@^^@^^@^^@^^@^^@^^@^^@^^@^^@
                                                  ^^@^^C^^@^^@^^@@^^@^^@^^@s...
A funny symbol that I can't read has just been input.
Continue, and I'll forget that it ever happened.

! Text line contains an invalid character.
l.3 ...^^@^^@ã^^@^^@^^@^^@^^@^^@^^@^^@^^@^^@^^@^^@
                                                  ^^C^^@^^@^^@@^^@^^@^^@s&^^...
A funny symbol that I can't read has just been input.
Continue, and I'll forget that it ever happened.

! Text line contains an invalid character.
l.3 ...^^@ã^^@^^@^^@^^@^^@^^@^^@^^@^^@^^@^^@^^@^^C
                                                  ^^@^^@^^@@^^@^^@^^@s&^^@^^...
A funny symbol that I can't read has just been input.
Continue, and I'll forget that it ever happened.

! Text line contains an invalid character.
l.3 ...ã^^@^^@^^@^^@^^@^^@^^@^^@^^@^^@^^@^^@^^C^^@
                                                  ^^@^^@@^^@^^@^^@s&^^@^^@^^...
A funny symbol that I can't read has just been input.
Continue, and I'll forget that it ever happened.

! Text line contains an invalid character.
l.3 ...@^^@^^@^^@^^@^^@^^@^^@^^@^^@^^@^^@^^C^^@^^@
                                                  ^^@@^^@^^@^^@s&^^@^^@^^@d^...
A funny symbol that I can't read has just been input.
Continue, and I'll forget that it ever happened.

! Text line contains an invalid character.
l.3 ...@^^@^^@^^@^^@^^@^^@^^@^^@^^@^^@^^C^^@^^@^^@
                                                  @^^@^^@^^@s&^^@^^@^^@d^^@d...
A funny symbol that I can't read has just been input.
Continue, and I'll forget that it ever happened.

! Text line contains an invalid character.
l.3 ...^^@^^@^^@^^@^^@^^@^^@^^@^^@^^C^^@^^@^^@@^^@
                                                  ^^@^^@s&^^@^^@^^@d^^@d^^Al...
A funny symbol that I can't read has just been input.
Continue, and I'll forget that it ever happened.

! Text line contains an invalid character.
l.3 ...^^@^^@^^@^^@^^@^^@^^@^^@^^C^^@^^@^^@@^^@^^@
                                                  ^^@s&^^@^^@^^@d^^@d^^Al^^@...
A funny symbol that I can't read has just been input.
Continue, and I'll forget that it ever happened.

! Text line contains an invalid character.
l.3 ...^^@^^@^^@^^@^^@^^@^^@^^C^^@^^@^^@@^^@^^@^^@
                                                  s&^^@^^@^^@d^^@d^^Al^^@m^^...
A funny symbol that I can't read has just been input.
Continue, and I'll forget that it ever happened.

! Misplaced alignment tab character &.
l.3 ...@^^@^^@^^@^^@^^@^^@^^C^^@^^@^^@@^^@^^@^^@s&
                                                  ^^@^^@^^@d^^@d^^Al^^@m^^@Z...
I can't figure out why you would want to use a tab mark
here. If you just want an ampersand, the remedy is
simple: Just type `I\&' now. But if some right brace
up above has ended a previous alignment prematurely,
you're probably due for more error messages, and you
might try typing `S' now just to see what is salvageable.

! Text line contains an invalid character.
l.3 ...@^^@^^@^^@^^@^^@^^C^^@^^@^^@@^^@^^@^^@s&^^@
                                                  ^^@^^@d^^@d^^Al^^@m^^@Z^^@...
A funny symbol that I can't read has just been input.
Continue, and I'll forget that it ever happened.

! Text line contains an invalid character.
l.3 ...@^^@^^@^^@^^@^^C^^@^^@^^@@^^@^^@^^@s&^^@^^@
                                                  ^^@d^^@d^^Al^^@m^^@Z^^@^^A...
A funny symbol that I can't read has just been input.
Continue, and I'll forget that it ever happened.

! Text line contains an invalid character.
l.3 ...@^^@^^@^^@^^C^^@^^@^^@@^^@^^@^^@s&^^@^^@^^@
                                                  d^^@d^^Al^^@m^^@Z^^@^^A^^@...
A funny symbol that I can't read has just been input.
Continue, and I'll forget that it ever happened.

! Text line contains an invalid character.
l.3 ...^^@^^@^^C^^@^^@^^@@^^@^^@^^@s&^^@^^@^^@d^^@
                                                  d^^Al^^@m^^@Z^^@^^A^^@d^^@...
A funny symbol that I can't read has just been input.
Continue, and I'll forget that it ever happened.

! Text line contains an invalid character.
l.3 ...^@^^C^^@^^@^^@@^^@^^@^^@s&^^@^^@^^@d^^@d^^A
                                                  l^^@m^^@Z^^@^^A^^@d^^@d^^B...
A funny symbol that I can't read has just been input.
Continue, and I'll forget that it ever happened.

! Text line contains an invalid character.
l.3 ...C^^@^^@^^@@^^@^^@^^@s&^^@^^@^^@d^^@d^^Al^^@
                                                  m^^@Z^^@^^A^^@d^^@d^^Bl^^A...
A funny symbol that I can't read has just been input.
Continue, and I'll forget that it ever happened.

! Text line contains an invalid character.
l.3 ...^^@^^@@^^@^^@^^@s&^^@^^@^^@d^^@d^^Al^^@m^^@
                                                  Z^^@^^A^^@d^^@d^^Bl^^AZ^^A...
A funny symbol that I can't read has just been input.
Continue, and I'll forget that it ever happened.

! Text line contains an invalid character.
l.3 ...^@@^^@^^@^^@s&^^@^^@^^@d^^@d^^Al^^@m^^@Z^^@
                                                  ^^A^^@d^^@d^^Bl^^AZ^^AG^^@...
A funny symbol that I can't read has just been input.
Continue, and I'll forget that it ever happened.

! Text line contains an invalid character.
l.3 ...^^@^^@^^@s&^^@^^@^^@d^^@d^^Al^^@m^^@Z^^@^^A
                                                  ^^@d^^@d^^Bl^^AZ^^AG^^@d^^...
A funny symbol that I can't read has just been input.
Continue, and I'll forget that it ever happened.

! Text line contains an invalid character.
l.3 ...^^@^^@s&^^@^^@^^@d^^@d^^Al^^@m^^@Z^^@^^A^^@
                                                  d^^@d^^Bl^^AZ^^AG^^@d^^Cd^...
A funny symbol that I can't read has just been input.
Continue, and I'll forget that it ever happened.

! Text line contains an invalid character.
l.3 ...^@s&^^@^^@^^@d^^@d^^Al^^@m^^@Z^^@^^A^^@d^^@
                                                  d^^Bl^^AZ^^AG^^@d^^Cd^^D„^...
A funny symbol that I can't read has just been input.
Continue, and I'll forget that it ever happened.

! Text line contains an invalid character.
l.3 ...^^@^^@^^@d^^@d^^Al^^@m^^@Z^^@^^A^^@d^^@d^^B
                                                  l^^AZ^^AG^^@d^^Cd^^D„^^@d^...
A funny symbol that I can't read has just been input.
Continue, and I'll forget that it ever happened.

! Text line contains an invalid character.
l.3 ...^@^^@d^^@d^^Al^^@m^^@Z^^@^^A^^@d^^@d^^Bl^^A
                                                  Z^^AG^^@d^^Cd^^D„^^@d^^Dƒ^...
A funny symbol that I can't read has just been input.
Continue, and I'll forget that it ever happened.

! Text line contains an invalid character.
l.3 ...@d^^@d^^Al^^@m^^@Z^^@^^A^^@d^^@d^^Bl^^AZ^^A
                                                  G^^@d^^Cd^^D„^^@d^^Dƒ^^BZ^...
A funny symbol that I can't read has just been input.
Continue, and I'll forget that it ever happened.

! Text line contains an invalid character.
l.3 ...@d^^Al^^@m^^@Z^^@^^A^^@d^^@d^^Bl^^AZ^^AG^^@
                                                  d^^Cd^^D„^^@d^^Dƒ^^BZ^^Bd^...
A funny symbol that I can't read has just been input.
Continue, and I'll forget that it ever happened.

! Text line contains an invalid character.
l.3 ...Al^^@m^^@Z^^@^^A^^@d^^@d^^Bl^^AZ^^AG^^@d^^C
                                                  d^^D„^^@d^^Dƒ^^BZ^^Bd^^BS^...
A funny symbol that I can't read has just been input.
Continue, and I'll forget that it ever happened.

! Text line contains an invalid character.
l.3 ...@m^^@Z^^@^^A^^@d^^@d^^Bl^^AZ^^AG^^@d^^Cd^^D
                                                  „^^@d^^Dƒ^^BZ^^Bd^^BS^^@)^...
A funny symbol that I can't read has just been input.
Continue, and I'll forget that it ever happened.

! Text line contains an invalid character.
l.3 ...@Z^^@^^A^^@d^^@d^^Bl^^AZ^^AG^^@d^^Cd^^D„^^@
                                                  d^^Dƒ^^BZ^^Bd^^BS^^@)^^Eé^...
A funny symbol that I can't read has just been input.
Continue, and I'll forget that it ever happened.

! Text line contains an invalid character.
l.3 ...@^^A^^@d^^@d^^Bl^^AZ^^AG^^@d^^Cd^^D„^^@d^^D
                                                  ƒ^^BZ^^Bd^^BS^^@)^^Eé^^@^^...
A funny symbol that I can't read has just been input.
Continue, and I'll forget that it ever happened.

! Text line contains an invalid character.
l.3 ...^^@d^^@d^^Bl^^AZ^^AG^^@d^^Cd^^D„^^@d^^Dƒ^^B
                                                  Z^^Bd^^BS^^@)^^Eé^^@^^@^^@...
A funny symbol that I can't read has just been input.
Continue, and I'll forget that it ever happened.

! Text line contains an invalid character.
l.3 ...^^@d^^Bl^^AZ^^AG^^@d^^Cd^^D„^^@d^^Dƒ^^BZ^^B
                                                  d^^BS^^@)^^Eé^^@^^@^^@^^@)...
A funny symbol that I can't read has just been input.
Continue, and I'll forget that it ever happened.

! Text line contains an invalid character.
l.3 ...^^Bl^^AZ^^AG^^@d^^Cd^^D„^^@d^^Dƒ^^BZ^^Bd^^B
                                                  S^^@)^^Eé^^@^^@^^@^^@)^^AÚ...
A funny symbol that I can't read has just been input.
Continue, and I'll forget that it ever happened.

! Text line contains an invalid character.
l.3 ...^^AZ^^AG^^@d^^Cd^^D„^^@d^^Dƒ^^BZ^^Bd^^BS^^@
                                                  )^^Eé^^@^^@^^@^^@)^^AÚ^^Hd...
A funny symbol that I can't read has just been input.
Continue, and I'll forget that it ever happened.

! Text line contains an invalid character.
l.3 ...^^AG^^@d^^Cd^^D„^^@d^^Dƒ^^BZ^^Bd^^BS^^@)^^E
                                                  é^^@^^@^^@^^@)^^AÚ^^Hdatet...
A funny symbol that I can't read has just been input.
Continue, and I'll forget that it ever happened.

! Text line contains an invalid character.
l.3 ...^^@d^^Cd^^D„^^@d^^Dƒ^^BZ^^Bd^^BS^^@)^^Eé^^@
                                                  ^^@^^@^^@)^^AÚ^^HdatetimeN...
A funny symbol that I can't read has just been input.
Continue, and I'll forget that it ever happened.

! Text line contains an invalid character.
l.3 ...d^^Cd^^D„^^@d^^Dƒ^^BZ^^Bd^^BS^^@)^^Eé^^@^^@
                                                  ^^@^^@)^^AÚ^^HdatetimeNc^^...
A funny symbol that I can't read has just been input.
Continue, and I'll forget that it ever happened.

! Text line contains an invalid character.
l.3 ...Cd^^D„^^@d^^Dƒ^^BZ^^Bd^^BS^^@)^^Eé^^@^^@^^@
                                                  ^^@)^^AÚ^^HdatetimeNc^^@^^...
A funny symbol that I can't read has just been input.
Continue, and I'll forget that it ever happened.

! Text line contains an invalid character.
l.3 ...^D„^^@d^^Dƒ^^BZ^^Bd^^BS^^@)^^Eé^^@^^@^^@^^@
                                                  )^^AÚ^^HdatetimeNc^^@^^@^^...
A funny symbol that I can't read has just been input.
Continue, and I'll forget that it ever happened.

! Text line contains an invalid character.
l.3 ...^@d^^Dƒ^^BZ^^Bd^^BS^^@)^^Eé^^@^^@^^@^^@)^^A
                                                  Ú^^HdatetimeNc^^@^^@^^@^^@...
A funny symbol that I can't read has just been input.
Continue, and I'll forget that it ever happened.

! Text line contains an invalid character.
l.3 ...^Dƒ^^BZ^^Bd^^BS^^@)^^Eé^^@^^@^^@^^@)^^AÚ^^H
                                                  datetimeNc^^@^^@^^@^^@^^@^...
A funny symbol that I can't read has just been input.
Continue, and I'll forget that it ever happened.

! Text line contains an invalid character.
l.3 ...BS^^@)^^Eé^^@^^@^^@^^@)^^AÚ^^HdatetimeNc^^@
                                                  ^^@^^@^^@^^@^^@^^@^^@^^@^^...
A funny symbol that I can't read has just been input.
Continue, and I'll forget that it ever happened.

! Text line contains an invalid character.
l.3 ...^@)^^Eé^^@^^@^^@^^@)^^AÚ^^HdatetimeNc^^@^^@
                                                  ^^@^^@^^@^^@^^@^^@^^@^^@^^...
A funny symbol that I can't read has just been input.
Continue, and I'll forget that it ever happened.

! Text line contains an invalid character.
l.3 ...^^Eé^^@^^@^^@^^@)^^AÚ^^HdatetimeNc^^@^^@^^@
                                                  ^^@^^@^^@^^@^^@^^@^^@^^@^^...
A funny symbol that I can't read has just been input.
Continue, and I'll forget that it ever happened.

! Text line contains an invalid character.
l.3 ...é^^@^^@^^@^^@)^^AÚ^^HdatetimeNc^^@^^@^^@^^@
                                                  ^^@^^@^^@^^@^^@^^@^^@^^@^^...
A funny symbol that I can't read has just been input.
Continue, and I'll forget that it ever happened.

! Text line contains an invalid character.
l.3 ...@^^@^^@^^@)^^AÚ^^HdatetimeNc^^@^^@^^@^^@^^@
                                                  ^^@^^@^^@^^@^^@^^@^^@^^E^^...
A funny symbol that I can't read has just been input.
Continue, and I'll forget that it ever happened.

! Text line contains an invalid character.
l.3 ...@^^@^^@)^^AÚ^^HdatetimeNc^^@^^@^^@^^@^^@^^@
                                                  ^^@^^@^^@^^@^^@^^@^^E^^@^^...
A funny symbol that I can't read has just been input.
Continue, and I'll forget that it ever happened.

! Text line contains an invalid character.
l.3 ...@^^@)^^AÚ^^HdatetimeNc^^@^^@^^@^^@^^@^^@^^@
                                                  ^^@^^@^^@^^@^^@^^E^^@^^@^^...
A funny symbol that I can't read has just been input.
Continue, and I'll forget that it ever happened.

! Text line contains an invalid character.
l.3 ...@)^^AÚ^^HdatetimeNc^^@^^@^^@^^@^^@^^@^^@^^@
                                                  ^^@^^@^^@^^@^^E^^@^^@^^@@^...
A funny symbol that I can't read has just been input.
Continue, and I'll forget that it ever happened.

! Text line contains an invalid character.
l.3 ...^AÚ^^HdatetimeNc^^@^^@^^@^^@^^@^^@^^@^^@^^@
                                                  ^^@^^@^^@^^E^^@^^@^^@@^^@^...
A funny symbol that I can't read has just been input.
Continue, and I'll forget that it ever happened.

! Text line contains an invalid character.
l.3 ...^^HdatetimeNc^^@^^@^^@^^@^^@^^@^^@^^@^^@^^@
                                                  ^^@^^@^^E^^@^^@^^@@^^@^^@^...
A funny symbol that I can't read has just been input.
Continue, and I'll forget that it ever happened.

! Text line contains an invalid character.
l.3 ...datetimeNc^^@^^@^^@^^@^^@^^@^^@^^@^^@^^@^^@
                                                  ^^@^^E^^@^^@^^@@^^@^^@^^@s...
A funny symbol that I can't read has just been input.
Continue, and I'll forget that it ever happened.

! Text line contains an invalid character.
l.3 ...etimeNc^^@^^@^^@^^@^^@^^@^^@^^@^^@^^@^^@^^@
                                                  ^^E^^@^^@^^@@^^@^^@^^@s4^^...
A funny symbol that I can't read has just been input.
Continue, and I'll forget that it ever happened.

! Text line contains an invalid character.
l.3 ...meNc^^@^^@^^@^^@^^@^^@^^@^^@^^@^^@^^@^^@^^E
                                                  ^^@^^@^^@@^^@^^@^^@s4^^@^^...
A funny symbol that I can't read has just been input.
Continue, and I'll forget that it ever happened.

! Text line contains an invalid character.
l.3 ...c^^@^^@^^@^^@^^@^^@^^@^^@^^@^^@^^@^^@^^E^^@
                                                  ^^@^^@@^^@^^@^^@s4^^@^^@^^...
A funny symbol that I can't read has just been input.
Continue, and I'll forget that it ever happened.

! Text line contains an invalid character.
l.3 ...@^^@^^@^^@^^@^^@^^@^^@^^@^^@^^@^^@^^E^^@^^@
                                                  ^^@@^^@^^@^^@s4^^@^^@^^@e^...
A funny symbol that I can't read has just been input.
Continue, and I'll forget that it ever happened.

! Text line contains an invalid character.
l.3 ...@^^@^^@^^@^^@^^@^^@^^@^^@^^@^^@^^E^^@^^@^^@
                                                  @^^@^^@^^@s4^^@^^@^^@e^^@Z...
A funny symbol that I can't read has just been input.
Continue, and I'll forget that it ever happened.

! Text line contains an invalid character.
l.3 ...^^@^^@^^@^^@^^@^^@^^@^^@^^@^^E^^@^^@^^@@^^@
                                                  ^^@^^@s4^^@^^@^^@e^^@Z^^Ad...
A funny symbol that I can't read has just been input.
Continue, and I'll forget that it ever happened.

! Text line contains an invalid character.
l.3 ...^^@^^@^^@^^@^^@^^@^^@^^@^^E^^@^^@^^@@^^@^^@
                                                  ^^@s4^^@^^@^^@e^^@Z^^Ad^^@...
A funny symbol that I can't read has just been input.
Continue, and I'll forget that it ever happened.

! Text line contains an invalid character.
l.3 ...^^@^^@^^@^^@^^@^^@^^@^^E^^@^^@^^@@^^@^^@^^@
                                                  s4^^@^^@^^@e^^@Z^^Ad^^@Z^^...
A funny symbol that I can't read has just been input.
Continue, and I'll forget that it ever happened.

! Text line contains an invalid character.
l.3 ...@^^@^^@^^@^^@^^@^^E^^@^^@^^@@^^@^^@^^@s4^^@
                                                  ^^@^^@e^^@Z^^Ad^^@Z^^Be^^C...
A funny symbol that I can't read has just been input.
Continue, and I'll forget that it ever happened.

! Text line contains an invalid character.
l.3 ...@^^@^^@^^@^^@^^E^^@^^@^^@@^^@^^@^^@s4^^@^^@
                                                  ^^@e^^@Z^^Ad^^@Z^^Be^^C ^^...
A funny symbol that I can't read has just been input.
Continue, and I'll forget that it ever happened.

! Text line contains an invalid character.
l.3 ...@^^@^^@^^@^^E^^@^^@^^@@^^@^^@^^@s4^^@^^@^^@
                                                  e^^@Z^^Ad^^@Z^^Be^^C ^^D¡^...
A funny symbol that I can't read has just been input.
Continue, and I'll forget that it ever happened.

! Text line contains an invalid character.
l.3 ...^^@^^@^^E^^@^^@^^@@^^@^^@^^@s4^^@^^@^^@e^^@
                                                  Z^^Ad^^@Z^^Be^^C ^^D¡^^@d^...
A funny symbol that I can't read has just been input.
Continue, and I'll forget that it ever happened.

! Text line contains an invalid character.
l.3 ...^@^^E^^@^^@^^@@^^@^^@^^@s4^^@^^@^^@e^^@Z^^A
                                                  d^^@Z^^Be^^C ^^D¡^^@d^^Ad^...
A funny symbol that I can't read has just been input.
Continue, and I'll forget that it ever happened.

! Text line contains an invalid character.
l.3 ...E^^@^^@^^@@^^@^^@^^@s4^^@^^@^^@e^^@Z^^Ad^^@
                                                  Z^^Be^^C ^^D¡^^@d^^Ad^^Bd^...
A funny symbol that I can't read has just been input.
Continue, and I'll forget that it ever happened.

! Text line contains an invalid character.
l.3 ...^^@^^@@^^@^^@^^@s4^^@^^@^^@e^^@Z^^Ad^^@Z^^B
                                                  e^^C ^^D¡^^@d^^Ad^^Bd^^Ad^...
A funny symbol that I can't read has just been input.
Continue, and I'll forget that it ever happened.

! Text line contains an invalid character.
l.3 ...^@@^^@^^@^^@s4^^@^^@^^@e^^@Z^^Ad^^@Z^^Be^^C
                                                   ^^D¡^^@d^^Ad^^Bd^^Ad^^Cf^...
A funny symbol that I can't read has just been input.
Continue, and I'll forget that it ever happened.

! Text line contains an invalid character.
l.3 ...^@^^@^^@s4^^@^^@^^@e^^@Z^^Ad^^@Z^^Be^^C ^^D
                                                  ¡^^@d^^Ad^^Bd^^Ad^^Cf^^Ed^...
A funny symbol that I can't read has just been input.
Continue, and I'll forget that it ever happened.

! Text line contains an invalid character.
l.3 ...@^^@s4^^@^^@^^@e^^@Z^^Ad^^@Z^^Be^^C ^^D¡^^@
                                                  d^^Ad^^Bd^^Ad^^Cf^^Ed^^Dd^...
A funny symbol that I can't read has just been input.
Continue, and I'll forget that it ever happened.

! Text line contains an invalid character.
l.3 ...s4^^@^^@^^@e^^@Z^^Ad^^@Z^^Be^^C ^^D¡^^@d^^A
                                                  d^^Bd^^Ad^^Cf^^Ed^^Dd^^E„^...
A funny symbol that I can't read has just been input.
Continue, and I'll forget that it ever happened.

! Text line contains an invalid character.
l.3 ...@^^@^^@e^^@Z^^Ad^^@Z^^Be^^C ^^D¡^^@d^^Ad^^B
                                                  d^^Ad^^Cf^^Ed^^Dd^^E„^^AZ^...
A funny symbol that I can't read has just been input.
Continue, and I'll forget that it ever happened.

! Text line contains an invalid character.
l.3 ...^^@e^^@Z^^Ad^^@Z^^Be^^C ^^D¡^^@d^^Ad^^Bd^^A
                                                  d^^Cf^^Ed^^Dd^^E„^^AZ^^Ed^...
A funny symbol that I can't read has just been input.
Continue, and I'll forget that it ever happened.

! Text line contains an invalid character.
l.3 ...^^@Z^^Ad^^@Z^^Be^^C ^^D¡^^@d^^Ad^^Bd^^Ad^^C
                                                  f^^Ed^^Dd^^E„^^AZ^^Ed^^Fd^...
A funny symbol that I can't read has just been input.
Continue, and I'll forget that it ever happened.

! Text line contains an invalid character.
l.3 ...^^Ad^^@Z^^Be^^C ^^D¡^^@d^^Ad^^Bd^^Ad^^Cf^^E
                                                  d^^Dd^^E„^^AZ^^Ed^^Fd^^G„^...
A funny symbol that I can't read has just been input.
Continue, and I'll forget that it ever happened.

! Text line contains an invalid character.
l.3 ...^^@Z^^Be^^C ^^D¡^^@d^^Ad^^Bd^^Ad^^Cf^^Ed^^D
                                                  d^^E„^^AZ^^Ed^^Fd^^G„^^@Z^...
A funny symbol that I can't read has just been input.
Continue, and I'll forget that it ever happened.

! Text line contains an invalid character.
l.3 ...^^Be^^C ^^D¡^^@d^^Ad^^Bd^^Ad^^Cf^^Ed^^Dd^^E
                                                  „^^AZ^^Ed^^Fd^^G„^^@Z^^Fd^...
A funny symbol that I can't read has just been input.
Continue, and I'll forget that it ever happened.

! Text line contains an invalid character.
l.3 ...^^C ^^D¡^^@d^^Ad^^Bd^^Ad^^Cf^^Ed^^Dd^^E„^^A
                                                  Z^^Ed^^Fd^^G„^^@Z^^Fd^^Hd	...
A funny symbol that I can't read has just been input.
Continue, and I'll forget that it ever happened.

! Text line contains an invalid character.
l.3 ...^^D¡^^@d^^Ad^^Bd^^Ad^^Cf^^Ed^^Dd^^E„^^AZ^^E
                                                  d^^Fd^^G„^^@Z^^Fd^^Hd	„^^@...
A funny symbol that I can't read has just been input.
Continue, and I'll forget that it ever happened.

! Text line contains an invalid character.
l.3 ...^^@d^^Ad^^Bd^^Ad^^Cf^^Ed^^Dd^^E„^^AZ^^Ed^^F
                                                  d^^G„^^@Z^^Fd^^Hd	„^^@Z^^G...
A funny symbol that I can't read has just been input.
Continue, and I'll forget that it ever happened.

! Text line contains an invalid character.
l.3 ...^^Ad^^Bd^^Ad^^Cf^^Ed^^Dd^^E„^^AZ^^Ed^^Fd^^G
                                                  „^^@Z^^Fd^^Hd	„^^@Z^^Gd^^A...
A funny symbol that I can't read has just been input.
Continue, and I'll forget that it ever happened.

! Text line contains an invalid character.
l.3 ...^^Bd^^Ad^^Cf^^Ed^^Dd^^E„^^AZ^^Ed^^Fd^^G„^^@
                                                  Z^^Fd^^Hd	„^^@Z^^Gd^^AS^^@)
(That makes 100 errors; please try again.) 
Here is how much of TeX's memory you used:
 8 strings out of 492995
 195 string characters out of 6132704
 54074 words of memory out of 5000000
 3660 multiletter control sequences out of 15000+600000
 3640 words of font info for 14 fonts, out of 8000000 for 9000
 1141 hyphenation exceptions out of 8191
 18i,1n,12p,214b,56s stack positions out of 5000i,500n,10000p,200000b,80000s

!  ==> Fatal error occurred, no output PDF file produced!
